<?xml version="1.0" encoding="UTF-8"?>
<!-- Generated by org.testng.reporters.JUnitReportReporter -->
<testsuite hostname="AK-MBL-0009" failures="0" tests="1" name="Tests.LoginwithPIN" time="34.798" errors="0" timestamp="2021-01-22T15:05:04 PKT" skipped="0">
  <testcase classname="Tests.LoginwithPIN" name="login" time="34.798"/>
  <system-out/>
</testsuite> <!-- Tests.LoginwithPIN -->
